<?xml version="1.0" encoding="UTF-8"?>
<!-- Generated by org.testng.reporters.JUnitXMLReporter -->
<testsuite hostname="SIVANAT-A40-D" ignored="0" name="ADDCUSTTest" tests="3" failures="0" timestamp="2020-12-28T21:03:58 IST" time="2.889" errors="0">
  <testcase name="addCust" time="0.905" classname="com.SivaOfss.testcase.TestCase2"/>
  <testcase name="addCust" time="1.185" classname="com.SivaOfss.testcase.TestCase2"/>
  <testcase name="addCust" time="0.688" classname="com.SivaOfss.testcase.TestCase2"/>
</testsuite> <!-- ADDCUSTTest -->
